[2024-05-09T05:04:00.871+0000] {processor.py:161} INFO - Started process (PID=11092) to work on /opt/airflow/dags/fetchDataFromMongo.py
[2024-05-09T05:04:00.873+0000] {processor.py:830} INFO - Processing file /opt/airflow/dags/fetchDataFromMongo.py for tasks to queue
[2024-05-09T05:04:00.875+0000] {logging_mixin.py:188} INFO - [2024-05-09T05:04:00.875+0000] {dagbag.py:540} INFO - Filling up the DagBag from /opt/airflow/dags/fetchDataFromMongo.py
[2024-05-09T05:04:02.058+0000] {logging_mixin.py:188} INFO - [2024-05-09T05:04:02.058+0000] {main.py:28} WARNING - Python-dotenv could not parse statement starting at line 5
[2024-05-09T05:04:09.546+0000] {processor.py:840} INFO - DAG(s) 'ETL1' retrieved from /opt/airflow/dags/fetchDataFromMongo.py
[2024-05-09T05:04:09.597+0000] {logging_mixin.py:188} INFO - [2024-05-09T05:04:09.597+0000] {dag.py:3096} INFO - Sync 1 DAGs
[2024-05-09T05:04:09.615+0000] {logging_mixin.py:188} INFO - [2024-05-09T05:04:09.614+0000] {dag.py:3954} INFO - Setting next_dagrun for ETL1 to None, run_after=None
[2024-05-09T05:04:09.642+0000] {processor.py:183} INFO - Processing /opt/airflow/dags/fetchDataFromMongo.py took 8.779 seconds
[2024-05-09T05:04:39.961+0000] {processor.py:161} INFO - Started process (PID=11118) to work on /opt/airflow/dags/fetchDataFromMongo.py
[2024-05-09T05:04:39.962+0000] {processor.py:830} INFO - Processing file /opt/airflow/dags/fetchDataFromMongo.py for tasks to queue
[2024-05-09T05:04:39.964+0000] {logging_mixin.py:188} INFO - [2024-05-09T05:04:39.964+0000] {dagbag.py:540} INFO - Filling up the DagBag from /opt/airflow/dags/fetchDataFromMongo.py
[2024-05-09T05:04:40.582+0000] {logging_mixin.py:188} INFO - [2024-05-09T05:04:40.581+0000] {main.py:28} WARNING - Python-dotenv could not parse statement starting at line 5
[2024-05-09T05:04:42.383+0000] {processor.py:840} INFO - DAG(s) 'ETL1' retrieved from /opt/airflow/dags/fetchDataFromMongo.py
[2024-05-09T05:04:42.417+0000] {logging_mixin.py:188} INFO - [2024-05-09T05:04:42.417+0000] {dag.py:3096} INFO - Sync 1 DAGs
[2024-05-09T05:04:42.428+0000] {logging_mixin.py:188} INFO - [2024-05-09T05:04:42.428+0000] {dag.py:3954} INFO - Setting next_dagrun for ETL1 to None, run_after=None
[2024-05-09T05:04:42.465+0000] {processor.py:183} INFO - Processing /opt/airflow/dags/fetchDataFromMongo.py took 2.514 seconds
[2024-05-09T05:05:12.707+0000] {processor.py:161} INFO - Started process (PID=11144) to work on /opt/airflow/dags/fetchDataFromMongo.py
[2024-05-09T05:05:12.708+0000] {processor.py:830} INFO - Processing file /opt/airflow/dags/fetchDataFromMongo.py for tasks to queue
[2024-05-09T05:05:12.709+0000] {logging_mixin.py:188} INFO - [2024-05-09T05:05:12.709+0000] {dagbag.py:540} INFO - Filling up the DagBag from /opt/airflow/dags/fetchDataFromMongo.py
[2024-05-09T05:05:13.333+0000] {logging_mixin.py:188} INFO - [2024-05-09T05:05:13.332+0000] {main.py:28} WARNING - Python-dotenv could not parse statement starting at line 5
[2024-05-09T05:05:15.399+0000] {processor.py:840} INFO - DAG(s) 'ETL1' retrieved from /opt/airflow/dags/fetchDataFromMongo.py
[2024-05-09T05:05:15.422+0000] {logging_mixin.py:188} INFO - [2024-05-09T05:05:15.422+0000] {dag.py:3096} INFO - Sync 1 DAGs
[2024-05-09T05:05:15.434+0000] {logging_mixin.py:188} INFO - [2024-05-09T05:05:15.433+0000] {dag.py:3954} INFO - Setting next_dagrun for ETL1 to None, run_after=None
[2024-05-09T05:05:15.454+0000] {processor.py:183} INFO - Processing /opt/airflow/dags/fetchDataFromMongo.py took 2.753 seconds
[2024-05-09T05:05:45.688+0000] {processor.py:161} INFO - Started process (PID=11176) to work on /opt/airflow/dags/fetchDataFromMongo.py
[2024-05-09T05:05:45.689+0000] {processor.py:830} INFO - Processing file /opt/airflow/dags/fetchDataFromMongo.py for tasks to queue
[2024-05-09T05:05:45.690+0000] {logging_mixin.py:188} INFO - [2024-05-09T05:05:45.689+0000] {dagbag.py:540} INFO - Filling up the DagBag from /opt/airflow/dags/fetchDataFromMongo.py
[2024-05-09T05:05:46.225+0000] {logging_mixin.py:188} INFO - [2024-05-09T05:05:46.224+0000] {main.py:28} WARNING - Python-dotenv could not parse statement starting at line 5
[2024-05-09T05:05:48.465+0000] {processor.py:840} INFO - DAG(s) 'ETL1' retrieved from /opt/airflow/dags/fetchDataFromMongo.py
[2024-05-09T05:05:48.486+0000] {logging_mixin.py:188} INFO - [2024-05-09T05:05:48.485+0000] {dag.py:3096} INFO - Sync 1 DAGs
[2024-05-09T05:05:48.497+0000] {logging_mixin.py:188} INFO - [2024-05-09T05:05:48.496+0000] {dag.py:3954} INFO - Setting next_dagrun for ETL1 to None, run_after=None
[2024-05-09T05:05:48.515+0000] {processor.py:183} INFO - Processing /opt/airflow/dags/fetchDataFromMongo.py took 2.833 seconds
[2024-05-09T05:06:18.742+0000] {processor.py:161} INFO - Started process (PID=11203) to work on /opt/airflow/dags/fetchDataFromMongo.py
[2024-05-09T05:06:18.743+0000] {processor.py:830} INFO - Processing file /opt/airflow/dags/fetchDataFromMongo.py for tasks to queue
[2024-05-09T05:06:18.744+0000] {logging_mixin.py:188} INFO - [2024-05-09T05:06:18.744+0000] {dagbag.py:540} INFO - Filling up the DagBag from /opt/airflow/dags/fetchDataFromMongo.py
[2024-05-09T05:06:19.226+0000] {logging_mixin.py:188} INFO - [2024-05-09T05:06:19.226+0000] {main.py:28} WARNING - Python-dotenv could not parse statement starting at line 5
[2024-05-09T05:06:21.276+0000] {processor.py:840} INFO - DAG(s) 'ETL1' retrieved from /opt/airflow/dags/fetchDataFromMongo.py
[2024-05-09T05:06:21.295+0000] {logging_mixin.py:188} INFO - [2024-05-09T05:06:21.295+0000] {dag.py:3096} INFO - Sync 1 DAGs
[2024-05-09T05:06:21.305+0000] {logging_mixin.py:188} INFO - [2024-05-09T05:06:21.304+0000] {dag.py:3954} INFO - Setting next_dagrun for ETL1 to None, run_after=None
[2024-05-09T05:06:21.325+0000] {processor.py:183} INFO - Processing /opt/airflow/dags/fetchDataFromMongo.py took 2.588 seconds
[2024-05-09T05:06:51.584+0000] {processor.py:161} INFO - Started process (PID=11229) to work on /opt/airflow/dags/fetchDataFromMongo.py
[2024-05-09T05:06:51.585+0000] {processor.py:830} INFO - Processing file /opt/airflow/dags/fetchDataFromMongo.py for tasks to queue
[2024-05-09T05:06:51.586+0000] {logging_mixin.py:188} INFO - [2024-05-09T05:06:51.586+0000] {dagbag.py:540} INFO - Filling up the DagBag from /opt/airflow/dags/fetchDataFromMongo.py
[2024-05-09T05:06:52.053+0000] {logging_mixin.py:188} INFO - [2024-05-09T05:06:52.052+0000] {main.py:28} WARNING - Python-dotenv could not parse statement starting at line 5
[2024-05-09T05:06:54.258+0000] {processor.py:840} INFO - DAG(s) 'ETL1' retrieved from /opt/airflow/dags/fetchDataFromMongo.py
[2024-05-09T05:06:54.282+0000] {logging_mixin.py:188} INFO - [2024-05-09T05:06:54.282+0000] {dag.py:3096} INFO - Sync 1 DAGs
[2024-05-09T05:06:54.291+0000] {logging_mixin.py:188} INFO - [2024-05-09T05:06:54.291+0000] {dag.py:3954} INFO - Setting next_dagrun for ETL1 to None, run_after=None
[2024-05-09T05:06:54.327+0000] {processor.py:183} INFO - Processing /opt/airflow/dags/fetchDataFromMongo.py took 2.748 seconds
[2024-05-09T05:07:24.474+0000] {processor.py:161} INFO - Started process (PID=11255) to work on /opt/airflow/dags/fetchDataFromMongo.py
[2024-05-09T05:07:24.475+0000] {processor.py:830} INFO - Processing file /opt/airflow/dags/fetchDataFromMongo.py for tasks to queue
[2024-05-09T05:07:24.476+0000] {logging_mixin.py:188} INFO - [2024-05-09T05:07:24.476+0000] {dagbag.py:540} INFO - Filling up the DagBag from /opt/airflow/dags/fetchDataFromMongo.py
[2024-05-09T05:07:24.941+0000] {logging_mixin.py:188} INFO - [2024-05-09T05:07:24.941+0000] {main.py:28} WARNING - Python-dotenv could not parse statement starting at line 5
[2024-05-09T05:07:27.231+0000] {processor.py:840} INFO - DAG(s) 'ETL1' retrieved from /opt/airflow/dags/fetchDataFromMongo.py
[2024-05-09T05:07:27.250+0000] {logging_mixin.py:188} INFO - [2024-05-09T05:07:27.250+0000] {dag.py:3096} INFO - Sync 1 DAGs
[2024-05-09T05:07:27.260+0000] {logging_mixin.py:188} INFO - [2024-05-09T05:07:27.259+0000] {dag.py:3954} INFO - Setting next_dagrun for ETL1 to None, run_after=None
[2024-05-09T05:07:27.278+0000] {processor.py:183} INFO - Processing /opt/airflow/dags/fetchDataFromMongo.py took 2.809 seconds
[2024-05-09T05:07:57.540+0000] {processor.py:161} INFO - Started process (PID=11281) to work on /opt/airflow/dags/fetchDataFromMongo.py
[2024-05-09T05:07:57.541+0000] {processor.py:830} INFO - Processing file /opt/airflow/dags/fetchDataFromMongo.py for tasks to queue
[2024-05-09T05:07:57.542+0000] {logging_mixin.py:188} INFO - [2024-05-09T05:07:57.542+0000] {dagbag.py:540} INFO - Filling up the DagBag from /opt/airflow/dags/fetchDataFromMongo.py
[2024-05-09T05:07:58.020+0000] {logging_mixin.py:188} INFO - [2024-05-09T05:07:58.020+0000] {main.py:28} WARNING - Python-dotenv could not parse statement starting at line 5
[2024-05-09T05:08:00.505+0000] {processor.py:840} INFO - DAG(s) 'ETL1' retrieved from /opt/airflow/dags/fetchDataFromMongo.py
[2024-05-09T05:08:00.525+0000] {logging_mixin.py:188} INFO - [2024-05-09T05:08:00.525+0000] {dag.py:3096} INFO - Sync 1 DAGs
[2024-05-09T05:08:00.534+0000] {logging_mixin.py:188} INFO - [2024-05-09T05:08:00.534+0000] {dag.py:3954} INFO - Setting next_dagrun for ETL1 to None, run_after=None
[2024-05-09T05:08:00.552+0000] {processor.py:183} INFO - Processing /opt/airflow/dags/fetchDataFromMongo.py took 3.018 seconds
