[2024-05-08T14:00:07.075+0000] {local_task_job_runner.py:120} INFO - ::group::Pre task execution logs
[2024-05-08T14:00:07.135+0000] {taskinstance.py:2073} INFO - Dependencies all met for dep_context=non-requeueable deps ti=<TaskInstance: ETL1.ParallelSensorTasks.FetchSensor_cf65ac20-facd-11ed-a890-0242bed38519 manual__2024-05-08T14:00:00.128832+00:00 [queued]>
[2024-05-08T14:00:07.163+0000] {taskinstance.py:2073} INFO - Dependencies all met for dep_context=requeueable deps ti=<TaskInstance: ETL1.ParallelSensorTasks.FetchSensor_cf65ac20-facd-11ed-a890-0242bed38519 manual__2024-05-08T14:00:00.128832+00:00 [queued]>
[2024-05-08T14:00:07.164+0000] {taskinstance.py:2303} INFO - Starting attempt 1 of 4
[2024-05-08T14:00:07.220+0000] {taskinstance.py:2327} INFO - Executing <Task(PythonOperator): ParallelSensorTasks.FetchSensor_cf65ac20-facd-11ed-a890-0242bed38519> on 2024-05-08 14:00:00.128832+00:00
[2024-05-08T14:00:07.238+0000] {warnings.py:110} WARNING - /home/***/.local/lib/python3.12/site-packages/***/task/task_runner/standard_task_runner.py:61: DeprecationWarning: This process (pid=16507) is multi-threaded, use of fork() may lead to deadlocks in the child.
  pid = os.fork()

[2024-05-08T14:00:07.242+0000] {standard_task_runner.py:63} INFO - Started process 16727 to run task
[2024-05-08T14:00:07.242+0000] {standard_task_runner.py:90} INFO - Running: ['***', 'tasks', 'run', 'ETL1', 'ParallelSensorTasks.FetchSensor_cf65ac20-facd-11ed-a890-0242bed38519', 'manual__2024-05-08T14:00:00.128832+00:00', '--job-id', '10836', '--raw', '--subdir', 'DAGS_FOLDER/fetchDataFromMongo.py', '--cfg-path', '/tmp/tmp7ipu94hc']
[2024-05-08T14:00:07.252+0000] {standard_task_runner.py:91} INFO - Job 10836: Subtask ParallelSensorTasks.FetchSensor_cf65ac20-facd-11ed-a890-0242bed38519
[2024-05-08T14:00:07.376+0000] {task_command.py:426} INFO - Running <TaskInstance: ETL1.ParallelSensorTasks.FetchSensor_cf65ac20-facd-11ed-a890-0242bed38519 manual__2024-05-08T14:00:00.128832+00:00 [running]> on host 2c86a7408ff7
[2024-05-08T14:00:07.579+0000] {taskinstance.py:2644} INFO - Exporting env vars: AIRFLOW_CTX_DAG_OWNER='Shubham Bhatt' AIRFLOW_CTX_DAG_ID='ETL1' AIRFLOW_CTX_TASK_ID='ParallelSensorTasks.FetchSensor_cf65ac20-facd-11ed-a890-0242bed38519' AIRFLOW_CTX_EXECUTION_DATE='2024-05-08T14:00:00.128832+00:00' AIRFLOW_CTX_TRY_NUMBER='1' AIRFLOW_CTX_DAG_RUN_ID='manual__2024-05-08T14:00:00.128832+00:00'
[2024-05-08T14:00:07.581+0000] {taskinstance.py:430} INFO - ::endgroup::
[2024-05-08T14:00:51.471+0000] {logging_mixin.py:188} INFO - E11000 duplicate key error collection: pvvnl.transformed_data index: _id_ dup key: { _id: "02c42b8d-c042-4e5d-bf2e-80d8335e8598_2024-01-01 01:15:00" }, full error: {'index': 0, 'code': 11000, 'keyPattern': {'_id': 1}, 'keyValue': {'_id': '02c42b8d-c042-4e5d-bf2e-80d8335e8598_2024-01-01 01:15:00'}, 'errmsg': 'E11000 duplicate key error collection: pvvnl.transformed_data index: _id_ dup key: { _id: "02c42b8d-c042-4e5d-bf2e-80d8335e8598_2024-01-01 01:15:00" }'}
[2024-05-08T14:00:52.031+0000] {logging_mixin.py:188} INFO - E11000 duplicate key error collection: pvvnl.transformed_data index: _id_ dup key: { _id: "00558534-4976-425b-a0a3-72af70d2ef28_2024-01-01 01:15:00" }, full error: {'index': 0, 'code': 11000, 'keyPattern': {'_id': 1}, 'keyValue': {'_id': '00558534-4976-425b-a0a3-72af70d2ef28_2024-01-01 01:15:00'}, 'errmsg': 'E11000 duplicate key error collection: pvvnl.transformed_data index: _id_ dup key: { _id: "00558534-4976-425b-a0a3-72af70d2ef28_2024-01-01 01:15:00" }'}
[2024-05-08T14:00:53.078+0000] {logging_mixin.py:188} INFO - E11000 duplicate key error collection: pvvnl.transformed_data index: _id_ dup key: { _id: "060a496f-492d-4d55-8029-cf74d449191c_2024-01-01 01:15:00" }, full error: {'index': 0, 'code': 11000, 'keyPattern': {'_id': 1}, 'keyValue': {'_id': '060a496f-492d-4d55-8029-cf74d449191c_2024-01-01 01:15:00'}, 'errmsg': 'E11000 duplicate key error collection: pvvnl.transformed_data index: _id_ dup key: { _id: "060a496f-492d-4d55-8029-cf74d449191c_2024-01-01 01:15:00" }'}
[2024-05-08T14:00:53.149+0000] {logging_mixin.py:188} INFO - E11000 duplicate key error collection: pvvnl.transformed_data index: _id_ dup key: { _id: "0175d32f-3439-46ae-b037-ae8139daec97_2024-01-01 01:15:00" }, full error: {'index': 0, 'code': 11000, 'keyPattern': {'_id': 1}, 'keyValue': {'_id': '0175d32f-3439-46ae-b037-ae8139daec97_2024-01-01 01:15:00'}, 'errmsg': 'E11000 duplicate key error collection: pvvnl.transformed_data index: _id_ dup key: { _id: "0175d32f-3439-46ae-b037-ae8139daec97_2024-01-01 01:15:00" }'}
[2024-05-08T14:00:53.788+0000] {logging_mixin.py:188} INFO - E11000 duplicate key error collection: pvvnl.transformed_data index: _id_ dup key: { _id: "00f1263a-1373-49ee-aabe-77f22ddd21b9_2024-01-01 01:15:00" }, full error: {'index': 0, 'code': 11000, 'keyPattern': {'_id': 1}, 'keyValue': {'_id': '00f1263a-1373-49ee-aabe-77f22ddd21b9_2024-01-01 01:15:00'}, 'errmsg': 'E11000 duplicate key error collection: pvvnl.transformed_data index: _id_ dup key: { _id: "00f1263a-1373-49ee-aabe-77f22ddd21b9_2024-01-01 01:15:00" }'}
[2024-05-08T14:00:53.924+0000] {logging_mixin.py:188} INFO - E11000 duplicate key error collection: pvvnl.transformed_data index: _id_ dup key: { _id: "0039924a-0c2f-434f-90a2-6ecaec53f14b_2024-01-01 01:15:00" }, full error: {'index': 0, 'code': 11000, 'keyPattern': {'_id': 1}, 'keyValue': {'_id': '0039924a-0c2f-434f-90a2-6ecaec53f14b_2024-01-01 01:15:00'}, 'errmsg': 'E11000 duplicate key error collection: pvvnl.transformed_data index: _id_ dup key: { _id: "0039924a-0c2f-434f-90a2-6ecaec53f14b_2024-01-01 01:15:00" }'}
[2024-05-08T14:00:54.003+0000] {logging_mixin.py:188} INFO - E11000 duplicate key error collection: pvvnl.transformed_data index: _id_ dup key: { _id: "03339b4c-83cd-44c8-be39-33fc492663f7_2024-01-01 01:15:00" }, full error: {'index': 0, 'code': 11000, 'keyPattern': {'_id': 1}, 'keyValue': {'_id': '03339b4c-83cd-44c8-be39-33fc492663f7_2024-01-01 01:15:00'}, 'errmsg': 'E11000 duplicate key error collection: pvvnl.transformed_data index: _id_ dup key: { _id: "03339b4c-83cd-44c8-be39-33fc492663f7_2024-01-01 01:15:00" }'}
[2024-05-08T14:00:54.004+0000] {python.py:237} INFO - Done. Returned value was: success
[2024-05-08T14:00:54.005+0000] {taskinstance.py:441} INFO - ::group::Post task execution logs
[2024-05-08T14:00:54.074+0000] {taskinstance.py:1205} INFO - Marking task as SUCCESS. dag_id=ETL1, task_id=ParallelSensorTasks.FetchSensor_cf65ac20-facd-11ed-a890-0242bed38519, execution_date=20240508T140000, start_date=20240508T140007, end_date=20240508T140054
[2024-05-08T14:00:54.154+0000] {local_task_job_runner.py:240} INFO - Task exited with return code 0
[2024-05-08T14:00:54.185+0000] {taskinstance.py:3482} INFO - 0 downstream tasks scheduled from follow-on schedule check
[2024-05-08T14:00:54.187+0000] {local_task_job_runner.py:222} INFO - ::endgroup::
