[2024-05-08T13:59:27.114+0000] {local_task_job_runner.py:120} INFO - ::group::Pre task execution logs
[2024-05-08T13:59:27.133+0000] {taskinstance.py:2073} INFO - Dependencies all met for dep_context=non-requeueable deps ti=<TaskInstance: ETL1.ParallelSensorTasks.FetchSensor_d1489cf0-facd-11ed-a890-0242bed38519 manual__2024-05-08T13:53:21.462777+00:00 [queued]>
[2024-05-08T13:59:27.141+0000] {taskinstance.py:2073} INFO - Dependencies all met for dep_context=requeueable deps ti=<TaskInstance: ETL1.ParallelSensorTasks.FetchSensor_d1489cf0-facd-11ed-a890-0242bed38519 manual__2024-05-08T13:53:21.462777+00:00 [queued]>
[2024-05-08T13:59:27.142+0000] {taskinstance.py:2303} INFO - Starting attempt 2 of 4
[2024-05-08T13:59:27.154+0000] {taskinstance.py:2327} INFO - Executing <Task(PythonOperator): ParallelSensorTasks.FetchSensor_d1489cf0-facd-11ed-a890-0242bed38519> on 2024-05-08 13:53:21.462777+00:00
[2024-05-08T13:59:27.160+0000] {warnings.py:110} WARNING - /home/***/.local/lib/python3.12/site-packages/***/task/task_runner/standard_task_runner.py:61: DeprecationWarning: This process (pid=16154) is multi-threaded, use of fork() may lead to deadlocks in the child.
  pid = os.fork()

[2024-05-08T13:59:27.162+0000] {standard_task_runner.py:63} INFO - Started process 16181 to run task
[2024-05-08T13:59:27.162+0000] {standard_task_runner.py:90} INFO - Running: ['***', 'tasks', 'run', 'ETL1', 'ParallelSensorTasks.FetchSensor_d1489cf0-facd-11ed-a890-0242bed38519', 'manual__2024-05-08T13:53:21.462777+00:00', '--job-id', '10830', '--raw', '--subdir', 'DAGS_FOLDER/fetchDataFromMongo.py', '--cfg-path', '/tmp/tmpgd69yr7w']
[2024-05-08T13:59:27.164+0000] {standard_task_runner.py:91} INFO - Job 10830: Subtask ParallelSensorTasks.FetchSensor_d1489cf0-facd-11ed-a890-0242bed38519
[2024-05-08T13:59:27.207+0000] {task_command.py:426} INFO - Running <TaskInstance: ETL1.ParallelSensorTasks.FetchSensor_d1489cf0-facd-11ed-a890-0242bed38519 manual__2024-05-08T13:53:21.462777+00:00 [running]> on host 2c86a7408ff7
[2024-05-08T13:59:27.290+0000] {taskinstance.py:2644} INFO - Exporting env vars: AIRFLOW_CTX_DAG_OWNER='Shubham Bhatt' AIRFLOW_CTX_DAG_ID='ETL1' AIRFLOW_CTX_TASK_ID='ParallelSensorTasks.FetchSensor_d1489cf0-facd-11ed-a890-0242bed38519' AIRFLOW_CTX_EXECUTION_DATE='2024-05-08T13:53:21.462777+00:00' AIRFLOW_CTX_TRY_NUMBER='2' AIRFLOW_CTX_DAG_RUN_ID='manual__2024-05-08T13:53:21.462777+00:00'
[2024-05-08T13:59:27.291+0000] {taskinstance.py:430} INFO - ::endgroup::
[2024-05-08T13:59:37.260+0000] {logging_mixin.py:188} INFO - E11000 duplicate key error collection: pvvnl.transformed_data index: _id_ dup key: { _id: "00b1b366-ef28-47a8-acd8-762e9e561cd7_2024-01-01 07:00:00" }, full error: {'index': 0, 'code': 11000, 'keyPattern': {'_id': 1}, 'keyValue': {'_id': '00b1b366-ef28-47a8-acd8-762e9e561cd7_2024-01-01 07:00:00'}, 'errmsg': 'E11000 duplicate key error collection: pvvnl.transformed_data index: _id_ dup key: { _id: "00b1b366-ef28-47a8-acd8-762e9e561cd7_2024-01-01 07:00:00" }'}
[2024-05-08T13:59:38.190+0000] {logging_mixin.py:188} INFO - E11000 duplicate key error collection: pvvnl.transformed_data index: _id_ dup key: { _id: "015856ea-1f27-4d63-9497-07fd9b907ddf_2024-03-29 13:00:00" }, full error: {'index': 0, 'code': 11000, 'keyPattern': {'_id': 1}, 'keyValue': {'_id': '015856ea-1f27-4d63-9497-07fd9b907ddf_2024-03-29 13:00:00'}, 'errmsg': 'E11000 duplicate key error collection: pvvnl.transformed_data index: _id_ dup key: { _id: "015856ea-1f27-4d63-9497-07fd9b907ddf_2024-03-29 13:00:00" }'}
[2024-05-08T13:59:38.253+0000] {logging_mixin.py:188} INFO - E11000 duplicate key error collection: pvvnl.transformed_data index: _id_ dup key: { _id: "009f87e4-a013-4baf-baf0-e11be8b12db7_2024-01-01 01:15:00" }, full error: {'index': 0, 'code': 11000, 'keyPattern': {'_id': 1}, 'keyValue': {'_id': '009f87e4-a013-4baf-baf0-e11be8b12db7_2024-01-01 01:15:00'}, 'errmsg': 'E11000 duplicate key error collection: pvvnl.transformed_data index: _id_ dup key: { _id: "009f87e4-a013-4baf-baf0-e11be8b12db7_2024-01-01 01:15:00" }'}
[2024-05-08T13:59:38.470+0000] {logging_mixin.py:188} INFO - E11000 duplicate key error collection: pvvnl.transformed_data index: _id_ dup key: { _id: "00800197-5ccf-4613-9602-c7a7ac7297b9_2024-03-29 14:45:00" }, full error: {'index': 0, 'code': 11000, 'keyPattern': {'_id': 1}, 'keyValue': {'_id': '00800197-5ccf-4613-9602-c7a7ac7297b9_2024-03-29 14:45:00'}, 'errmsg': 'E11000 duplicate key error collection: pvvnl.transformed_data index: _id_ dup key: { _id: "00800197-5ccf-4613-9602-c7a7ac7297b9_2024-03-29 14:45:00" }'}
[2024-05-08T13:59:40.329+0000] {logging_mixin.py:188} INFO - E11000 duplicate key error collection: pvvnl.transformed_data index: _id_ dup key: { _id: "00d45892-e2f4-46e4-b2b2-c46452b38eb1_2024-02-23 19:30:00" }, full error: {'index': 0, 'code': 11000, 'keyPattern': {'_id': 1}, 'keyValue': {'_id': '00d45892-e2f4-46e4-b2b2-c46452b38eb1_2024-02-23 19:30:00'}, 'errmsg': 'E11000 duplicate key error collection: pvvnl.transformed_data index: _id_ dup key: { _id: "00d45892-e2f4-46e4-b2b2-c46452b38eb1_2024-02-23 19:30:00" }'}
[2024-05-08T13:59:41.230+0000] {logging_mixin.py:188} INFO - E11000 duplicate key error collection: pvvnl.transformed_data index: _id_ dup key: { _id: "012dbb89-8dc5-482c-901a-16837a18dc0b_2024-02-23 19:15:00" }, full error: {'index': 0, 'code': 11000, 'keyPattern': {'_id': 1}, 'keyValue': {'_id': '012dbb89-8dc5-482c-901a-16837a18dc0b_2024-02-23 19:15:00'}, 'errmsg': 'E11000 duplicate key error collection: pvvnl.transformed_data index: _id_ dup key: { _id: "012dbb89-8dc5-482c-901a-16837a18dc0b_2024-02-23 19:15:00" }'}
[2024-05-08T13:59:41.238+0000] {logging_mixin.py:188} INFO - E11000 duplicate key error collection: pvvnl.transformed_data index: _id_ dup key: { _id: "016a7003-6af1-43bb-a374-662ca22b1c12_2024-02-23 19:30:00" }, full error: {'index': 0, 'code': 11000, 'keyPattern': {'_id': 1}, 'keyValue': {'_id': '016a7003-6af1-43bb-a374-662ca22b1c12_2024-02-23 19:30:00'}, 'errmsg': 'E11000 duplicate key error collection: pvvnl.transformed_data index: _id_ dup key: { _id: "016a7003-6af1-43bb-a374-662ca22b1c12_2024-02-23 19:30:00" }'}
[2024-05-08T13:59:41.346+0000] {logging_mixin.py:188} INFO - E11000 duplicate key error collection: pvvnl.transformed_data index: _id_ dup key: { _id: "00bfdf60-e271-4624-8618-f9e877f4cd3f_2024-01-01 01:15:00" }, full error: {'index': 0, 'code': 11000, 'keyPattern': {'_id': 1}, 'keyValue': {'_id': '00bfdf60-e271-4624-8618-f9e877f4cd3f_2024-01-01 01:15:00'}, 'errmsg': 'E11000 duplicate key error collection: pvvnl.transformed_data index: _id_ dup key: { _id: "00bfdf60-e271-4624-8618-f9e877f4cd3f_2024-01-01 01:15:00" }'}
[2024-05-08T13:59:41.347+0000] {python.py:237} INFO - Done. Returned value was: [None, None, None, None, None, [], None, None, None]
[2024-05-08T13:59:41.348+0000] {taskinstance.py:441} INFO - ::group::Post task execution logs
[2024-05-08T13:59:41.457+0000] {taskinstance.py:1205} INFO - Marking task as SUCCESS. dag_id=ETL1, task_id=ParallelSensorTasks.FetchSensor_d1489cf0-facd-11ed-a890-0242bed38519, execution_date=20240508T135321, start_date=20240508T135927, end_date=20240508T135941
[2024-05-08T13:59:41.516+0000] {local_task_job_runner.py:240} INFO - Task exited with return code 0
[2024-05-08T13:59:41.557+0000] {taskinstance.py:3482} INFO - 0 downstream tasks scheduled from follow-on schedule check
[2024-05-08T13:59:41.559+0000] {local_task_job_runner.py:222} INFO - ::endgroup::
