[2024-05-13T12:35:26.611+0000] {local_task_job_runner.py:120} INFO - ::group::Pre task execution logs
[2024-05-13T12:35:26.652+0000] {taskinstance.py:2073} INFO - Dependencies all met for dep_context=non-requeueable deps ti=<TaskInstance: ETL1.ParallelSensorTasks.FetchSensor_d042ecc0-facd-11ed-a890-0242bed38519 manual__2024-05-13T12:29:45.680336+00:00 [queued]>
[2024-05-13T12:35:26.666+0000] {taskinstance.py:2073} INFO - Dependencies all met for dep_context=requeueable deps ti=<TaskInstance: ETL1.ParallelSensorTasks.FetchSensor_d042ecc0-facd-11ed-a890-0242bed38519 manual__2024-05-13T12:29:45.680336+00:00 [queued]>
[2024-05-13T12:35:26.667+0000] {taskinstance.py:2303} INFO - Starting attempt 2 of 4
[2024-05-13T12:35:26.690+0000] {taskinstance.py:2327} INFO - Executing <Task(PythonOperator): ParallelSensorTasks.FetchSensor_d042ecc0-facd-11ed-a890-0242bed38519> on 2024-05-13 12:29:45.680336+00:00
[2024-05-13T12:35:26.702+0000] {warnings.py:110} WARNING - /home/***/.local/lib/python3.12/site-packages/***/task/task_runner/standard_task_runner.py:61: DeprecationWarning: This process (pid=749) is multi-threaded, use of fork() may lead to deadlocks in the child.
  pid = os.fork()

[2024-05-13T12:35:26.705+0000] {standard_task_runner.py:63} INFO - Started process 769 to run task
[2024-05-13T12:35:26.705+0000] {standard_task_runner.py:90} INFO - Running: ['***', 'tasks', 'run', 'ETL1', 'ParallelSensorTasks.FetchSensor_d042ecc0-facd-11ed-a890-0242bed38519', 'manual__2024-05-13T12:29:45.680336+00:00', '--job-id', '10', '--raw', '--subdir', 'DAGS_FOLDER/fetchDataFromMongo.py', '--cfg-path', '/tmp/tmph7qhpoqv']
[2024-05-13T12:35:26.708+0000] {standard_task_runner.py:91} INFO - Job 10: Subtask ParallelSensorTasks.FetchSensor_d042ecc0-facd-11ed-a890-0242bed38519
[2024-05-13T12:35:26.768+0000] {task_command.py:426} INFO - Running <TaskInstance: ETL1.ParallelSensorTasks.FetchSensor_d042ecc0-facd-11ed-a890-0242bed38519 manual__2024-05-13T12:29:45.680336+00:00 [running]> on host 560e2c556382
[2024-05-13T12:35:26.886+0000] {taskinstance.py:2644} INFO - Exporting env vars: AIRFLOW_CTX_DAG_OWNER='Shubham Bhatt' AIRFLOW_CTX_DAG_ID='ETL1' AIRFLOW_CTX_TASK_ID='ParallelSensorTasks.FetchSensor_d042ecc0-facd-11ed-a890-0242bed38519' AIRFLOW_CTX_EXECUTION_DATE='2024-05-13T12:29:45.680336+00:00' AIRFLOW_CTX_TRY_NUMBER='2' AIRFLOW_CTX_DAG_RUN_ID='manual__2024-05-13T12:29:45.680336+00:00'
[2024-05-13T12:35:26.888+0000] {taskinstance.py:430} INFO - ::endgroup::
[2024-05-13T12:35:38.765+0000] {logging_mixin.py:188} INFO - E11000 duplicate key error collection: pvvnl.transformed_data index: _id_ dup key: { _id: "02f7c1f2-10f5-4ea0-9e33-b43255a4c32a_2024-01-01 01:15:00" }, full error: {'index': 0, 'code': 11000, 'keyPattern': {'_id': 1}, 'keyValue': {'_id': '02f7c1f2-10f5-4ea0-9e33-b43255a4c32a_2024-01-01 01:15:00'}, 'errmsg': 'E11000 duplicate key error collection: pvvnl.transformed_data index: _id_ dup key: { _id: "02f7c1f2-10f5-4ea0-9e33-b43255a4c32a_2024-01-01 01:15:00" }'}
[2024-05-13T12:35:39.291+0000] {logging_mixin.py:188} INFO - E11000 duplicate key error collection: pvvnl.transformed_data index: _id_ dup key: { _id: "006f9259-2c51-4af3-858c-6250e175ae4e_2024-01-01 01:15:00" }, full error: {'index': 0, 'code': 11000, 'keyPattern': {'_id': 1}, 'keyValue': {'_id': '006f9259-2c51-4af3-858c-6250e175ae4e_2024-01-01 01:15:00'}, 'errmsg': 'E11000 duplicate key error collection: pvvnl.transformed_data index: _id_ dup key: { _id: "006f9259-2c51-4af3-858c-6250e175ae4e_2024-01-01 01:15:00" }'}
[2024-05-13T12:35:39.293+0000] {logging_mixin.py:188} INFO - E11000 duplicate key error collection: pvvnl.transformed_data index: _id_ dup key: { _id: "037a59d1-ea0f-40bc-8f31-9dc32dcd0fae_2024-02-23 19:15:00" }, full error: {'index': 0, 'code': 11000, 'keyPattern': {'_id': 1}, 'keyValue': {'_id': '037a59d1-ea0f-40bc-8f31-9dc32dcd0fae_2024-02-23 19:15:00'}, 'errmsg': 'E11000 duplicate key error collection: pvvnl.transformed_data index: _id_ dup key: { _id: "037a59d1-ea0f-40bc-8f31-9dc32dcd0fae_2024-02-23 19:15:00" }'}
[2024-05-13T12:35:39.300+0000] {logging_mixin.py:188} INFO - E11000 duplicate key error collection: pvvnl.transformed_data index: _id_ dup key: { _id: "011afcb3-09bc-49cf-a3c9-2f968b06a9a5_2024-01-01 01:15:00" }, full error: {'index': 0, 'code': 11000, 'keyPattern': {'_id': 1}, 'keyValue': {'_id': '011afcb3-09bc-49cf-a3c9-2f968b06a9a5_2024-01-01 01:15:00'}, 'errmsg': 'E11000 duplicate key error collection: pvvnl.transformed_data index: _id_ dup key: { _id: "011afcb3-09bc-49cf-a3c9-2f968b06a9a5_2024-01-01 01:15:00" }'}
[2024-05-13T12:35:39.401+0000] {logging_mixin.py:188} INFO - E11000 duplicate key error collection: pvvnl.transformed_data index: _id_ dup key: { _id: "00fc8b57-7931-4afd-8f39-a7a631f4dd0f_2024-01-01 01:15:00" }, full error: {'index': 0, 'code': 11000, 'keyPattern': {'_id': 1}, 'keyValue': {'_id': '00fc8b57-7931-4afd-8f39-a7a631f4dd0f_2024-01-01 01:15:00'}, 'errmsg': 'E11000 duplicate key error collection: pvvnl.transformed_data index: _id_ dup key: { _id: "00fc8b57-7931-4afd-8f39-a7a631f4dd0f_2024-01-01 01:15:00" }'}
[2024-05-13T12:35:39.461+0000] {logging_mixin.py:188} INFO - E11000 duplicate key error collection: pvvnl.transformed_data index: _id_ dup key: { _id: "01e2defa-ccd9-49db-862b-90b89f4db419_2024-01-01 01:15:00" }, full error: {'index': 0, 'code': 11000, 'keyPattern': {'_id': 1}, 'keyValue': {'_id': '01e2defa-ccd9-49db-862b-90b89f4db419_2024-01-01 01:15:00'}, 'errmsg': 'E11000 duplicate key error collection: pvvnl.transformed_data index: _id_ dup key: { _id: "01e2defa-ccd9-49db-862b-90b89f4db419_2024-01-01 01:15:00" }'}
[2024-05-13T12:35:39.713+0000] {logging_mixin.py:188} INFO - E11000 duplicate key error collection: pvvnl.transformed_data index: _id_ dup key: { _id: "004ea514-6c99-4a02-9025-debebcb59e96_2024-01-01 01:15:00" }, full error: {'index': 0, 'code': 11000, 'keyPattern': {'_id': 1}, 'keyValue': {'_id': '004ea514-6c99-4a02-9025-debebcb59e96_2024-01-01 01:15:00'}, 'errmsg': 'E11000 duplicate key error collection: pvvnl.transformed_data index: _id_ dup key: { _id: "004ea514-6c99-4a02-9025-debebcb59e96_2024-01-01 01:15:00" }'}
[2024-05-13T12:35:39.716+0000] {python.py:237} INFO - Done. Returned value was: success
[2024-05-13T12:35:39.717+0000] {taskinstance.py:441} INFO - ::group::Post task execution logs
[2024-05-13T12:35:39.802+0000] {taskinstance.py:1205} INFO - Marking task as SUCCESS. dag_id=ETL1, task_id=ParallelSensorTasks.FetchSensor_d042ecc0-facd-11ed-a890-0242bed38519, execution_date=20240513T122945, start_date=20240513T123526, end_date=20240513T123539
[2024-05-13T12:35:39.895+0000] {local_task_job_runner.py:240} INFO - Task exited with return code 0
[2024-05-13T12:35:39.930+0000] {taskinstance.py:3482} INFO - 0 downstream tasks scheduled from follow-on schedule check
[2024-05-13T12:35:39.936+0000] {local_task_job_runner.py:222} INFO - ::endgroup::
