[2024-05-08T14:00:05.235+0000] {local_task_job_runner.py:120} INFO - ::group::Pre task execution logs
[2024-05-08T14:00:05.294+0000] {taskinstance.py:2073} INFO - Dependencies all met for dep_context=non-requeueable deps ti=<TaskInstance: ETL1.ParallelSensorTasks.FetchSensor_d08b1950-facd-11ed-a890-0242bed38519 manual__2024-05-08T14:00:00.128832+00:00 [queued]>
[2024-05-08T14:00:05.311+0000] {taskinstance.py:2073} INFO - Dependencies all met for dep_context=requeueable deps ti=<TaskInstance: ETL1.ParallelSensorTasks.FetchSensor_d08b1950-facd-11ed-a890-0242bed38519 manual__2024-05-08T14:00:00.128832+00:00 [queued]>
[2024-05-08T14:00:05.312+0000] {taskinstance.py:2303} INFO - Starting attempt 1 of 4
[2024-05-08T14:00:05.353+0000] {taskinstance.py:2327} INFO - Executing <Task(PythonOperator): ParallelSensorTasks.FetchSensor_d08b1950-facd-11ed-a890-0242bed38519> on 2024-05-08 14:00:00.128832+00:00
[2024-05-08T14:00:05.371+0000] {warnings.py:110} WARNING - /home/***/.local/lib/python3.12/site-packages/***/task/task_runner/standard_task_runner.py:61: DeprecationWarning: This process (pid=16504) is multi-threaded, use of fork() may lead to deadlocks in the child.
  pid = os.fork()

[2024-05-08T14:00:05.376+0000] {standard_task_runner.py:63} INFO - Started process 16604 to run task
[2024-05-08T14:00:05.377+0000] {standard_task_runner.py:90} INFO - Running: ['***', 'tasks', 'run', 'ETL1', 'ParallelSensorTasks.FetchSensor_d08b1950-facd-11ed-a890-0242bed38519', 'manual__2024-05-08T14:00:00.128832+00:00', '--job-id', '10834', '--raw', '--subdir', 'DAGS_FOLDER/fetchDataFromMongo.py', '--cfg-path', '/tmp/tmpis8oj9od']
[2024-05-08T14:00:05.381+0000] {standard_task_runner.py:91} INFO - Job 10834: Subtask ParallelSensorTasks.FetchSensor_d08b1950-facd-11ed-a890-0242bed38519
[2024-05-08T14:00:05.542+0000] {task_command.py:426} INFO - Running <TaskInstance: ETL1.ParallelSensorTasks.FetchSensor_d08b1950-facd-11ed-a890-0242bed38519 manual__2024-05-08T14:00:00.128832+00:00 [running]> on host 2c86a7408ff7
[2024-05-08T14:00:06.675+0000] {taskinstance.py:2644} INFO - Exporting env vars: AIRFLOW_CTX_DAG_OWNER='Shubham Bhatt' AIRFLOW_CTX_DAG_ID='ETL1' AIRFLOW_CTX_TASK_ID='ParallelSensorTasks.FetchSensor_d08b1950-facd-11ed-a890-0242bed38519' AIRFLOW_CTX_EXECUTION_DATE='2024-05-08T14:00:00.128832+00:00' AIRFLOW_CTX_TRY_NUMBER='1' AIRFLOW_CTX_DAG_RUN_ID='manual__2024-05-08T14:00:00.128832+00:00'
[2024-05-08T14:00:06.704+0000] {taskinstance.py:430} INFO - ::endgroup::
[2024-05-08T14:00:40.834+0000] {logging_mixin.py:188} INFO - E11000 duplicate key error collection: pvvnl.transformed_data index: _id_ dup key: { _id: "01de48d6-058e-4eb0-8a6b-b9519a3ea4ed_2024-01-01 01:15:00" }, full error: {'index': 0, 'code': 11000, 'keyPattern': {'_id': 1}, 'keyValue': {'_id': '01de48d6-058e-4eb0-8a6b-b9519a3ea4ed_2024-01-01 01:15:00'}, 'errmsg': 'E11000 duplicate key error collection: pvvnl.transformed_data index: _id_ dup key: { _id: "01de48d6-058e-4eb0-8a6b-b9519a3ea4ed_2024-01-01 01:15:00" }'}
[2024-05-08T14:00:40.947+0000] {logging_mixin.py:188} INFO - E11000 duplicate key error collection: pvvnl.transformed_data index: _id_ dup key: { _id: "01f33ba2-de83-437a-bd38-b76e2a400e64_2024-01-01 01:15:00" }, full error: {'index': 0, 'code': 11000, 'keyPattern': {'_id': 1}, 'keyValue': {'_id': '01f33ba2-de83-437a-bd38-b76e2a400e64_2024-01-01 01:15:00'}, 'errmsg': 'E11000 duplicate key error collection: pvvnl.transformed_data index: _id_ dup key: { _id: "01f33ba2-de83-437a-bd38-b76e2a400e64_2024-01-01 01:15:00" }'}
[2024-05-08T14:00:45.616+0000] {logging_mixin.py:188} INFO - E11000 duplicate key error collection: pvvnl.transformed_data index: _id_ dup key: { _id: "01412db0-c82d-4e90-bd07-261186c7844a_2024-01-01 01:15:00" }, full error: {'index': 0, 'code': 11000, 'keyPattern': {'_id': 1}, 'keyValue': {'_id': '01412db0-c82d-4e90-bd07-261186c7844a_2024-01-01 01:15:00'}, 'errmsg': 'E11000 duplicate key error collection: pvvnl.transformed_data index: _id_ dup key: { _id: "01412db0-c82d-4e90-bd07-261186c7844a_2024-01-01 01:15:00" }'}
[2024-05-08T14:00:46.510+0000] {logging_mixin.py:188} INFO - E11000 duplicate key error collection: pvvnl.transformed_data index: _id_ dup key: { _id: "022040a0-beb4-413c-bc3b-e6564fc2699c_2024-03-22 08:00:00" }, full error: {'index': 0, 'code': 11000, 'keyPattern': {'_id': 1}, 'keyValue': {'_id': '022040a0-beb4-413c-bc3b-e6564fc2699c_2024-03-22 08:00:00'}, 'errmsg': 'E11000 duplicate key error collection: pvvnl.transformed_data index: _id_ dup key: { _id: "022040a0-beb4-413c-bc3b-e6564fc2699c_2024-03-22 08:00:00" }'}
[2024-05-08T14:00:48.839+0000] {logging_mixin.py:188} INFO - E11000 duplicate key error collection: pvvnl.transformed_data index: _id_ dup key: { _id: "0425ff76-ae5e-41e4-8938-858aa06ac969_2024-02-23 19:15:00" }, full error: {'index': 0, 'code': 11000, 'keyPattern': {'_id': 1}, 'keyValue': {'_id': '0425ff76-ae5e-41e4-8938-858aa06ac969_2024-02-23 19:15:00'}, 'errmsg': 'E11000 duplicate key error collection: pvvnl.transformed_data index: _id_ dup key: { _id: "0425ff76-ae5e-41e4-8938-858aa06ac969_2024-02-23 19:15:00" }'}
[2024-05-08T14:00:49.916+0000] {logging_mixin.py:188} INFO - E11000 duplicate key error collection: pvvnl.transformed_data index: _id_ dup key: { _id: "0254a9ea-9295-44a8-a2de-adb7055cd3ab_2024-01-01 01:15:00" }, full error: {'index': 0, 'code': 11000, 'keyPattern': {'_id': 1}, 'keyValue': {'_id': '0254a9ea-9295-44a8-a2de-adb7055cd3ab_2024-01-01 01:15:00'}, 'errmsg': 'E11000 duplicate key error collection: pvvnl.transformed_data index: _id_ dup key: { _id: "0254a9ea-9295-44a8-a2de-adb7055cd3ab_2024-01-01 01:15:00" }'}
[2024-05-08T14:00:50.059+0000] {logging_mixin.py:188} INFO - E11000 duplicate key error collection: pvvnl.transformed_data index: _id_ dup key: { _id: "014f8147-ee70-48cb-aa68-ef58e54eaefe_2024-01-01 01:15:00" }, full error: {'index': 0, 'code': 11000, 'keyPattern': {'_id': 1}, 'keyValue': {'_id': '014f8147-ee70-48cb-aa68-ef58e54eaefe_2024-01-01 01:15:00'}, 'errmsg': 'E11000 duplicate key error collection: pvvnl.transformed_data index: _id_ dup key: { _id: "014f8147-ee70-48cb-aa68-ef58e54eaefe_2024-01-01 01:15:00" }'}
[2024-05-08T14:00:51.388+0000] {logging_mixin.py:188} INFO - E11000 duplicate key error collection: pvvnl.transformed_data index: _id_ dup key: { _id: "0136cda1-63b7-44dd-99e9-4592ebe441fd_2024-02-23 19:15:00" }, full error: {'index': 0, 'code': 11000, 'keyPattern': {'_id': 1}, 'keyValue': {'_id': '0136cda1-63b7-44dd-99e9-4592ebe441fd_2024-02-23 19:15:00'}, 'errmsg': 'E11000 duplicate key error collection: pvvnl.transformed_data index: _id_ dup key: { _id: "0136cda1-63b7-44dd-99e9-4592ebe441fd_2024-02-23 19:15:00" }'}
[2024-05-08T14:00:51.889+0000] {logging_mixin.py:188} INFO - E11000 duplicate key error collection: pvvnl.transformed_data index: _id_ dup key: { _id: "0486613b-8ba0-4d73-8bcd-e306514650ad_2024-02-28 11:15:00" }, full error: {'index': 0, 'code': 11000, 'keyPattern': {'_id': 1}, 'keyValue': {'_id': '0486613b-8ba0-4d73-8bcd-e306514650ad_2024-02-28 11:15:00'}, 'errmsg': 'E11000 duplicate key error collection: pvvnl.transformed_data index: _id_ dup key: { _id: "0486613b-8ba0-4d73-8bcd-e306514650ad_2024-02-28 11:15:00" }'}
[2024-05-08T14:00:52.037+0000] {python.py:237} INFO - Done. Returned value was: success
[2024-05-08T14:00:52.042+0000] {taskinstance.py:441} INFO - ::group::Post task execution logs
[2024-05-08T14:00:52.160+0000] {taskinstance.py:1205} INFO - Marking task as SUCCESS. dag_id=ETL1, task_id=ParallelSensorTasks.FetchSensor_d08b1950-facd-11ed-a890-0242bed38519, execution_date=20240508T140000, start_date=20240508T140005, end_date=20240508T140052
[2024-05-08T14:00:52.311+0000] {local_task_job_runner.py:240} INFO - Task exited with return code 0
[2024-05-08T14:00:52.393+0000] {taskinstance.py:3482} INFO - 0 downstream tasks scheduled from follow-on schedule check
[2024-05-08T14:00:52.401+0000] {local_task_job_runner.py:222} INFO - ::endgroup::
