[2024-05-08T14:00:05.205+0000] {local_task_job_runner.py:120} INFO - ::group::Pre task execution logs
[2024-05-08T14:00:05.271+0000] {taskinstance.py:2073} INFO - Dependencies all met for dep_context=non-requeueable deps ti=<TaskInstance: ETL1.ParallelSensorTasks.FetchSensor_d07d36a0-facd-11ed-a890-0242bed38519 manual__2024-05-08T14:00:00.128832+00:00 [queued]>
[2024-05-08T14:00:05.301+0000] {taskinstance.py:2073} INFO - Dependencies all met for dep_context=requeueable deps ti=<TaskInstance: ETL1.ParallelSensorTasks.FetchSensor_d07d36a0-facd-11ed-a890-0242bed38519 manual__2024-05-08T14:00:00.128832+00:00 [queued]>
[2024-05-08T14:00:05.302+0000] {taskinstance.py:2303} INFO - Starting attempt 1 of 4
[2024-05-08T14:00:05.332+0000] {taskinstance.py:2327} INFO - Executing <Task(PythonOperator): ParallelSensorTasks.FetchSensor_d07d36a0-facd-11ed-a890-0242bed38519> on 2024-05-08 14:00:00.128832+00:00
[2024-05-08T14:00:05.346+0000] {warnings.py:110} WARNING - /home/***/.local/lib/python3.12/site-packages/***/task/task_runner/standard_task_runner.py:61: DeprecationWarning: This process (pid=16505) is multi-threaded, use of fork() may lead to deadlocks in the child.
  pid = os.fork()

[2024-05-08T14:00:05.350+0000] {standard_task_runner.py:63} INFO - Started process 16602 to run task
[2024-05-08T14:00:05.351+0000] {standard_task_runner.py:90} INFO - Running: ['***', 'tasks', 'run', 'ETL1', 'ParallelSensorTasks.FetchSensor_d07d36a0-facd-11ed-a890-0242bed38519', 'manual__2024-05-08T14:00:00.128832+00:00', '--job-id', '10833', '--raw', '--subdir', 'DAGS_FOLDER/fetchDataFromMongo.py', '--cfg-path', '/tmp/tmpgu9b297q']
[2024-05-08T14:00:05.359+0000] {standard_task_runner.py:91} INFO - Job 10833: Subtask ParallelSensorTasks.FetchSensor_d07d36a0-facd-11ed-a890-0242bed38519
[2024-05-08T14:00:05.497+0000] {task_command.py:426} INFO - Running <TaskInstance: ETL1.ParallelSensorTasks.FetchSensor_d07d36a0-facd-11ed-a890-0242bed38519 manual__2024-05-08T14:00:00.128832+00:00 [running]> on host 2c86a7408ff7
[2024-05-08T14:00:06.282+0000] {taskinstance.py:2644} INFO - Exporting env vars: AIRFLOW_CTX_DAG_OWNER='Shubham Bhatt' AIRFLOW_CTX_DAG_ID='ETL1' AIRFLOW_CTX_TASK_ID='ParallelSensorTasks.FetchSensor_d07d36a0-facd-11ed-a890-0242bed38519' AIRFLOW_CTX_EXECUTION_DATE='2024-05-08T14:00:00.128832+00:00' AIRFLOW_CTX_TRY_NUMBER='1' AIRFLOW_CTX_DAG_RUN_ID='manual__2024-05-08T14:00:00.128832+00:00'
[2024-05-08T14:00:06.348+0000] {taskinstance.py:430} INFO - ::endgroup::
[2024-05-08T14:00:26.031+0000] {logging_mixin.py:188} INFO - E11000 duplicate key error collection: pvvnl.transformed_data index: _id_ dup key: { _id: "03f9b942-4a7f-49e7-b241-30092036d5b6_2024-01-01 01:15:00" }, full error: {'index': 0, 'code': 11000, 'keyPattern': {'_id': 1}, 'keyValue': {'_id': '03f9b942-4a7f-49e7-b241-30092036d5b6_2024-01-01 01:15:00'}, 'errmsg': 'E11000 duplicate key error collection: pvvnl.transformed_data index: _id_ dup key: { _id: "03f9b942-4a7f-49e7-b241-30092036d5b6_2024-01-01 01:15:00" }'}
[2024-05-08T14:00:39.662+0000] {logging_mixin.py:188} INFO - E11000 duplicate key error collection: pvvnl.transformed_data index: _id_ dup key: { _id: "0548aa65-a79f-4dc5-811d-fdfaf8a2461c_2024-03-28 09:15:00" }, full error: {'index': 0, 'code': 11000, 'keyPattern': {'_id': 1}, 'keyValue': {'_id': '0548aa65-a79f-4dc5-811d-fdfaf8a2461c_2024-03-28 09:15:00'}, 'errmsg': 'E11000 duplicate key error collection: pvvnl.transformed_data index: _id_ dup key: { _id: "0548aa65-a79f-4dc5-811d-fdfaf8a2461c_2024-03-28 09:15:00" }'}
[2024-05-08T14:00:45.925+0000] {logging_mixin.py:188} INFO - E11000 duplicate key error collection: pvvnl.transformed_data index: _id_ dup key: { _id: "00b23a8b-823c-42f5-b7fd-494aa070b7fd_2024-01-01 01:15:00" }, full error: {'index': 0, 'code': 11000, 'keyPattern': {'_id': 1}, 'keyValue': {'_id': '00b23a8b-823c-42f5-b7fd-494aa070b7fd_2024-01-01 01:15:00'}, 'errmsg': 'E11000 duplicate key error collection: pvvnl.transformed_data index: _id_ dup key: { _id: "00b23a8b-823c-42f5-b7fd-494aa070b7fd_2024-01-01 01:15:00" }'}
[2024-05-08T14:00:46.784+0000] {logging_mixin.py:188} INFO - E11000 duplicate key error collection: pvvnl.transformed_data index: _id_ dup key: { _id: "055db198-b19b-4c8d-acc1-b9480a0f57a9_2024-02-23 19:30:00" }, full error: {'index': 0, 'code': 11000, 'keyPattern': {'_id': 1}, 'keyValue': {'_id': '055db198-b19b-4c8d-acc1-b9480a0f57a9_2024-02-23 19:30:00'}, 'errmsg': 'E11000 duplicate key error collection: pvvnl.transformed_data index: _id_ dup key: { _id: "055db198-b19b-4c8d-acc1-b9480a0f57a9_2024-02-23 19:30:00" }'}
[2024-05-08T14:00:47.326+0000] {logging_mixin.py:188} INFO - E11000 duplicate key error collection: pvvnl.transformed_data index: _id_ dup key: { _id: "0195d850-651f-47f2-a21f-59e921c6b4ba_2024-02-23 19:15:00" }, full error: {'index': 0, 'code': 11000, 'keyPattern': {'_id': 1}, 'keyValue': {'_id': '0195d850-651f-47f2-a21f-59e921c6b4ba_2024-02-23 19:15:00'}, 'errmsg': 'E11000 duplicate key error collection: pvvnl.transformed_data index: _id_ dup key: { _id: "0195d850-651f-47f2-a21f-59e921c6b4ba_2024-02-23 19:15:00" }'}
[2024-05-08T14:00:47.328+0000] {python.py:237} INFO - Done. Returned value was: success
[2024-05-08T14:00:47.329+0000] {taskinstance.py:441} INFO - ::group::Post task execution logs
[2024-05-08T14:00:47.438+0000] {taskinstance.py:1205} INFO - Marking task as SUCCESS. dag_id=ETL1, task_id=ParallelSensorTasks.FetchSensor_d07d36a0-facd-11ed-a890-0242bed38519, execution_date=20240508T140000, start_date=20240508T140005, end_date=20240508T140047
[2024-05-08T14:00:47.563+0000] {local_task_job_runner.py:240} INFO - Task exited with return code 0
[2024-05-08T14:00:47.631+0000] {taskinstance.py:3482} INFO - 0 downstream tasks scheduled from follow-on schedule check
[2024-05-08T14:00:47.644+0000] {local_task_job_runner.py:222} INFO - ::endgroup::
